#
# There is insufficient memory for the Java Runtime Environment to continue.
# Native memory allocation (malloc) failed to allocate 32744 bytes. Error detail: Chunk::new
# Possible reasons:
#   The system is out of physical RAM or swap space
#   This process is running with CompressedOops enabled, and the Java Heap may be blocking the growth of the native heap
# Possible solutions:
#   Reduce memory load on the system
#   Increase physical memory or swap space
#   Check if swap backing store is full
#   Decrease Java heap size (-Xmx/-Xms)
#   Decrease number of Java threads
#   Decrease Java thread stack sizes (-Xss)
#   Set larger code cache with -XX:ReservedCodeCacheSize=
#   JVM is running with Unscaled Compressed Oops mode in which the Java heap is
#     placed in the first 4GB address space. The Java Heap base address is the
#     maximum limit for the native heap growth. Please use -XX:HeapBaseMinAddress
#     to set the Java Heap base and to place the Java Heap above 4GB virtual address.
# This output file may be truncated or incomplete.
#
#  Out of Memory Error (arena.cpp:168), pid=29808, tid=18844
#
# JRE version: OpenJDK Runtime Environment (21.0.8) (build 21.0.8+-14196175-b1038.72)
# Java VM: OpenJDK 64-Bit Server VM (21.0.8+-14196175-b1038.72, mixed mode, tiered, compressed oops, compressed class ptrs, g1 gc, windows-amd64)
# No core dump will be written. Minidumps are not enabled by default on client versions of Windows
#

---------------  S U M M A R Y ------------

Command Line: -Dorg.gradle.appname=gradlew org.gradle.wrapper.GradleWrapperMain -q -Ptarget-platform=android-x64 -Ptarget=D:\Flutter_projects\projects\lib\main.dart -Pbase-application-name=android.app.Application -Pdart-defines=RkxVVFRFUl9WRVJTSU9OPTMuMzUuNw==,RkxVVFRFUl9DSEFOTkVMPXN0YWJsZQ==,RkxVVFRFUl9HSVRfVVJMPWh0dHBzOi8vZ2l0aHViLmNvbS9mbHV0dGVyL2ZsdXR0ZXIuZ2l0,RkxVVFRFUl9GUkFNRVdPUktfUkVWSVNJT049YWRjOTAxMDYyNQ==,RkxVVFRFUl9FTkdJTkVfUkVWSVNJT049MDM1MzE2NTY1YQ==,RkxVVFRFUl9EQVJUX1ZFUlNJT049My45LjI= -Pdart-obfuscation=false -Ptrack-widget-creation=true -Ptree-shake-icons=false -Pfilesystem-scheme=org-dartlang-root assembleDebug

Host: 12th Gen Intel(R) Core(TM) i5-1240P, 16 cores, 7G,  Windows 11 , 64 bit Build 26100 (10.0.26100.7019)
Time: Wed Nov 12 14:34:07 2025 India Standard Time elapsed time: 9.677451 seconds (0d 0h 0m 9s)

---------------  T H R E A D  ---------------

Current thread (0x0000019e574a5c40):  JavaThread "C2 CompilerThread0" daemon [_thread_in_native, id=18844, stack(0x0000003959800000,0x0000003959900000) (1024K)]


Current CompileTask:
C2:9677 1652       4       java.util.HashMap::get (19 bytes)

Stack: [0x0000003959800000,0x0000003959900000]
Native frames: (J=compiled Java code, j=interpreted, Vv=VM code, C=native code)
V  [jvm.dll+0x6d68d9]
V  [jvm.dll+0x866693]
V  [jvm.dll+0x868c4e]
V  [jvm.dll+0x869333]
V  [jvm.dll+0x280566]
V  [jvm.dll+0xc07cd]
V  [jvm.dll+0xc0d03]
V  [jvm.dll+0x207ec3]
V  [jvm.dll+0x208d1f]
V  [jvm.dll+0x20869e]
V  [jvm.dll+0x209621]
V  [jvm.dll+0x20891e]
V  [jvm.dll+0x1f2ac0]
V  [jvm.dll+0x144921]
V  [jvm.dll+0x2f2b3c]
V  [jvm.dll+0x2f4afa]
V  [jvm.dll+0x6f0cc6]
V  [jvm.dll+0x6e8f1b]
V  [jvm.dll+0x6e83c2]
V  [jvm.dll+0x6e658a]
V  [jvm.dll+0x1ca57c]
V  [jvm.dll+0x2483bd]
V  [jvm.dll+0x1c73a4]
V  [jvm.dll+0x257f9e]
V  [jvm.dll+0x2564e6]
V  [jvm.dll+0x3f4696]
V  [jvm.dll+0x80eac8]
V  [jvm.dll+0x6d512d]
C  [ucrtbase.dll+0x37b0]
C  [KERNEL32.DLL+0x2e8d7]
C  [ntdll.dll+0x8c53c]


---------------  P R O C E S S  ---------------

Threads class SMR info:
_java_thread_list=0x0000019e5c584700, length=12, elements={
0x0000019e3cf35440, 0x0000019e57434060, 0x0000019e5747dc80, 0x0000019e5747e2f0,
0x0000019e574a2b80, 0x0000019e574a39f0, 0x0000019e574a4450, 0x0000019e574a4eb0,
0x0000019e574a5c40, 0x0000019e574a7b00, 0x0000019e576ac6c0, 0x0000019e5c489ab0
}

Java Threads: ( => current thread )
  0x0000019e3cf35440 JavaThread "main"                              [_thread_in_native, id=29380, stack(0x0000003958900000,0x0000003958a00000) (1024K)]
  0x0000019e57434060 JavaThread "Common-Cleaner"             daemon [_thread_blocked, id=21128, stack(0x0000003959100000,0x0000003959200000) (1024K)]
  0x0000019e5747dc80 JavaThread "Reference Handler"          daemon [_thread_blocked, id=24140, stack(0x0000003959200000,0x0000003959300000) (1024K)]
  0x0000019e5747e2f0 JavaThread "Finalizer"                  daemon [_thread_blocked, id=28488, stack(0x0000003959300000,0x0000003959400000) (1024K)]
  0x0000019e574a2b80 JavaThread "Signal Dispatcher"          daemon [_thread_blocked, id=27244, stack(0x0000003959400000,0x0000003959500000) (1024K)]
  0x0000019e574a39f0 JavaThread "Attach Listener"            daemon [_thread_blocked, id=26712, stack(0x0000003959500000,0x0000003959600000) (1024K)]
  0x0000019e574a4450 JavaThread "Service Thread"             daemon [_thread_blocked, id=6264, stack(0x0000003959600000,0x0000003959700000) (1024K)]
  0x0000019e574a4eb0 JavaThread "Monitor Deflation Thread"   daemon [_thread_blocked, id=30388, stack(0x0000003959700000,0x0000003959800000) (1024K)]
=>0x0000019e574a5c40 JavaThread "C2 CompilerThread0"         daemon [_thread_in_native, id=18844, stack(0x0000003959800000,0x0000003959900000) (1024K)]
  0x0000019e574a7b00 JavaThread "C1 CompilerThread0"         daemon [_thread_blocked, id=27072, stack(0x0000003959900000,0x0000003959a00000) (1024K)]
  0x0000019e576ac6c0 JavaThread "Notification Thread"        daemon [_thread_blocked, id=29760, stack(0x0000003959c00000,0x0000003959d00000) (1024K)]
  0x0000019e5c489ab0 JavaThread "pool-1-thread-1"                   [_thread_in_vm, id=30332, stack(0x000000395a100000,0x000000395a200000) (1024K)]
Total: 12

Other Threads:
  0x0000019e5728b9b0 VMThread "VM Thread"                           [id=22948, stack(0x0000003959000000,0x0000003959100000) (1024K)]
  0x0000019e57239990 WatcherThread "VM Periodic Task Thread"        [id=27284, stack(0x0000003958f00000,0x0000003959000000) (1024K)]
  0x0000019e3e9b20d0 WorkerThread "GC Thread#0"                     [id=29608, stack(0x0000003958a00000,0x0000003958b00000) (1024K)]
  0x0000019e57f44220 WorkerThread "GC Thread#1"                     [id=26580, stack(0x0000003959e00000,0x0000003959f00000) (1024K)]
  0x0000019e5794d7d0 WorkerThread "GC Thread#2"                     [id=19488, stack(0x0000003959f00000,0x000000395a000000) (1024K)]
  0x0000019e5794db70 WorkerThread "GC Thread#3"                     [id=29404, stack(0x000000395a000000,0x000000395a100000) (1024K)]
  0x0000019e3e9c2580 ConcurrentGCThread "G1 Main Marker"            [id=22236, stack(0x0000003958b00000,0x0000003958c00000) (1024K)]
  0x0000019e3e9c3dd0 WorkerThread "G1 Conc#0"                       [id=28260, stack(0x0000003958c00000,0x0000003958d00000) (1024K)]
  0x0000019e5710e1d0 ConcurrentGCThread "G1 Refine#0"               [id=6012, stack(0x0000003958d00000,0x0000003958e00000) (1024K)]
  0x0000019e5710e9f0 ConcurrentGCThread "G1 Service"                [id=24992, stack(0x0000003958e00000,0x0000003958f00000) (1024K)]
Total: 10

Threads with active compile tasks:
C2 CompilerThread0  9746 1652       4       java.util.HashMap::get (19 bytes)
Total: 1

VM state: not at safepoint (normal execution)

VM Mutex/Monitor currently owned by a thread:  ([mutex/lock_event])
[0x00007ff86f186438] Metaspace_lock - owner thread: 0x0000019e5c489ab0

Heap address: 0x0000000085200000, size: 1966 MB, Compressed Oops mode: 32-bit

CDS archive(s) not mapped
Compressed class space mapped at: 0x0000000100000000-0x0000000140000000, reserved size: 1073741824
Narrow klass base: 0x0000000000000000, Narrow klass shift: 3, Narrow klass range: 0x140000000

GC Precious Log:
 CardTable entry size: 512
 Card Set container configuration: InlinePtr #cards 5 size 8 Array Of Cards #cards 12 size 40 Howl #buckets 4 coarsen threshold 1843 Howl Bitmap #cards 512 size 80 coarsen threshold 460 Card regions per heap region 1 cards per card region 2048
 CPUs: 16 total, 16 available
 Memory: 7863M
 Large Page Support: Disabled
 NUMA Support: Disabled
 Compressed Oops: Enabled (32-bit)
 Heap Region Size: 1M
 Heap Min Capacity: 8M
 Heap Initial Capacity: 124M
 Heap Max Capacity: 1966M
 Pre-touch: Disabled
 Parallel Workers: 13
 Concurrent Workers: 3
 Concurrent Refinement Workers: 13
 Periodic GC: Disabled

Heap:
 garbage-first heap   total 126976K, used 35232K [0x0000000085200000, 0x0000000100000000)
  region size 1024K, 34 young (34816K), 3 survivors (3072K)
 Metaspace       used 17658K, committed 17920K, reserved 1114112K
  class space    used 2136K, committed 2304K, reserved 1048576K

Heap Regions: E=young(eden), S=young(survivor), O=old, HS=humongous(starts), HC=humongous(continues), CS=collection set, F=free, TAMS=top-at-mark-start, PB=parsable bottom
|   0|0x0000000085200000, 0x0000000085300000, 0x0000000085300000|100%|HS|  |TAMS 0x0000000085200000| PB 0x0000000085200000| Complete 
|   1|0x0000000085300000, 0x0000000085400000, 0x0000000085400000|100%|HC|  |TAMS 0x0000000085300000| PB 0x0000000085300000| Complete 
|   2|0x0000000085400000, 0x0000000085500000, 0x0000000085500000|100%|HC|  |TAMS 0x0000000085400000| PB 0x0000000085400000| Complete 
|   3|0x0000000085500000, 0x0000000085500000, 0x0000000085600000|  0%| F|  |TAMS 0x0000000085500000| PB 0x0000000085500000| Untracked 
|   4|0x0000000085600000, 0x0000000085600000, 0x0000000085700000|  0%| F|  |TAMS 0x0000000085600000| PB 0x0000000085600000| Untracked 
|   5|0x0000000085700000, 0x0000000085700000, 0x0000000085800000|  0%| F|  |TAMS 0x0000000085700000| PB 0x0000000085700000| Untracked 
|   6|0x0000000085800000, 0x0000000085800000, 0x0000000085900000|  0%| F|  |TAMS 0x0000000085800000| PB 0x0000000085800000| Untracked 
|   7|0x0000000085900000, 0x0000000085900000, 0x0000000085a00000|  0%| F|  |TAMS 0x0000000085900000| PB 0x0000000085900000| Untracked 
|   8|0x0000000085a00000, 0x0000000085a00000, 0x0000000085b00000|  0%| F|  |TAMS 0x0000000085a00000| PB 0x0000000085a00000| Untracked 
|   9|0x0000000085b00000, 0x0000000085b00000, 0x0000000085c00000|  0%| F|  |TAMS 0x0000000085b00000| PB 0x0000000085b00000| Untracked 
|  10|0x0000000085c00000, 0x0000000085c00000, 0x0000000085d00000|  0%| F|  |TAMS 0x0000000085c00000| PB 0x0000000085c00000| Untracked 
|  11|0x0000000085d00000, 0x0000000085d00000, 0x0000000085e00000|  0%| F|  |TAMS 0x0000000085d00000| PB 0x0000000085d00000| Untracked 
|  12|0x0000000085e00000, 0x0000000085e00000, 0x0000000085f00000|  0%| F|  |TAMS 0x0000000085e00000| PB 0x0000000085e00000| Untracked 
|  13|0x0000000085f00000, 0x0000000085f00000, 0x0000000086000000|  0%| F|  |TAMS 0x0000000085f00000| PB 0x0000000085f00000| Untracked 
|  14|0x0000000086000000, 0x0000000086000000, 0x0000000086100000|  0%| F|  |TAMS 0x0000000086000000| PB 0x0000000086000000| Untracked 
|  15|0x0000000086100000, 0x0000000086100000, 0x0000000086200000|  0%| F|  |TAMS 0x0000000086100000| PB 0x0000000086100000| Untracked 
|  16|0x0000000086200000, 0x0000000086200000, 0x0000000086300000|  0%| F|  |TAMS 0x0000000086200000| PB 0x0000000086200000| Untracked 
|  17|0x0000000086300000, 0x0000000086300000, 0x0000000086400000|  0%| F|  |TAMS 0x0000000086300000| PB 0x0000000086300000| Untracked 
|  18|0x0000000086400000, 0x0000000086400000, 0x0000000086500000|  0%| F|  |TAMS 0x0000000086400000| PB 0x0000000086400000| Untracked 
|  19|0x0000000086500000, 0x0000000086500000, 0x0000000086600000|  0%| F|  |TAMS 0x0000000086500000| PB 0x0000000086500000| Untracked 
|  20|0x0000000086600000, 0x0000000086600000, 0x0000000086700000|  0%| F|  |TAMS 0x0000000086600000| PB 0x0000000086600000| Untracked 
|  21|0x0000000086700000, 0x0000000086700000, 0x0000000086800000|  0%| F|  |TAMS 0x0000000086700000| PB 0x0000000086700000| Untracked 
|  22|0x0000000086800000, 0x0000000086800000, 0x0000000086900000|  0%| F|  |TAMS 0x0000000086800000| PB 0x0000000086800000| Untracked 
|  23|0x0000000086900000, 0x0000000086900000, 0x0000000086a00000|  0%| F|  |TAMS 0x0000000086900000| PB 0x0000000086900000| Untracked 
|  24|0x0000000086a00000, 0x0000000086a00000, 0x0000000086b00000|  0%| F|  |TAMS 0x0000000086a00000| PB 0x0000000086a00000| Untracked 
|  25|0x0000000086b00000, 0x0000000086b00000, 0x0000000086c00000|  0%| F|  |TAMS 0x0000000086b00000| PB 0x0000000086b00000| Untracked 
|  26|0x0000000086c00000, 0x0000000086c00000, 0x0000000086d00000|  0%| F|  |TAMS 0x0000000086c00000| PB 0x0000000086c00000| Untracked 
|  27|0x0000000086d00000, 0x0000000086d00000, 0x0000000086e00000|  0%| F|  |TAMS 0x0000000086d00000| PB 0x0000000086d00000| Untracked 
|  28|0x0000000086e00000, 0x0000000086e00000, 0x0000000086f00000|  0%| F|  |TAMS 0x0000000086e00000| PB 0x0000000086e00000| Untracked 
|  29|0x0000000086f00000, 0x0000000086f00000, 0x0000000087000000|  0%| F|  |TAMS 0x0000000086f00000| PB 0x0000000086f00000| Untracked 
|  30|0x0000000087000000, 0x0000000087000000, 0x0000000087100000|  0%| F|  |TAMS 0x0000000087000000| PB 0x0000000087000000| Untracked 
|  31|0x0000000087100000, 0x0000000087100000, 0x0000000087200000|  0%| F|  |TAMS 0x0000000087100000| PB 0x0000000087100000| Untracked 
|  32|0x0000000087200000, 0x0000000087200000, 0x0000000087300000|  0%| F|  |TAMS 0x0000000087200000| PB 0x0000000087200000| Untracked 
|  33|0x0000000087300000, 0x0000000087300000, 0x0000000087400000|  0%| F|  |TAMS 0x0000000087300000| PB 0x0000000087300000| Untracked 
|  34|0x0000000087400000, 0x0000000087400000, 0x0000000087500000|  0%| F|  |TAMS 0x0000000087400000| PB 0x0000000087400000| Untracked 
|  35|0x0000000087500000, 0x0000000087500000, 0x0000000087600000|  0%| F|  |TAMS 0x0000000087500000| PB 0x0000000087500000| Untracked 
|  36|0x0000000087600000, 0x0000000087600000, 0x0000000087700000|  0%| F|  |TAMS 0x0000000087600000| PB 0x0000000087600000| Untracked 
|  37|0x0000000087700000, 0x0000000087700000, 0x0000000087800000|  0%| F|  |TAMS 0x0000000087700000| PB 0x0000000087700000| Untracked 
|  38|0x0000000087800000, 0x0000000087800000, 0x0000000087900000|  0%| F|  |TAMS 0x0000000087800000| PB 0x0000000087800000| Untracked 
|  39|0x0000000087900000, 0x0000000087900000, 0x0000000087a00000|  0%| F|  |TAMS 0x0000000087900000| PB 0x0000000087900000| Untracked 
|  40|0x0000000087a00000, 0x0000000087a00000, 0x0000000087b00000|  0%| F|  |TAMS 0x0000000087a00000| PB 0x0000000087a00000| Untracked 
|  41|0x0000000087b00000, 0x0000000087b00000, 0x0000000087c00000|  0%| F|  |TAMS 0x0000000087b00000| PB 0x0000000087b00000| Untracked 
|  42|0x0000000087c00000, 0x0000000087c00000, 0x0000000087d00000|  0%| F|  |TAMS 0x0000000087c00000| PB 0x0000000087c00000| Untracked 
|  43|0x0000000087d00000, 0x0000000087d00000, 0x0000000087e00000|  0%| F|  |TAMS 0x0000000087d00000| PB 0x0000000087d00000| Untracked 
|  44|0x0000000087e00000, 0x0000000087e00000, 0x0000000087f00000|  0%| F|  |TAMS 0x0000000087e00000| PB 0x0000000087e00000| Untracked 
|  45|0x0000000087f00000, 0x0000000087f00000, 0x0000000088000000|  0%| F|  |TAMS 0x0000000087f00000| PB 0x0000000087f00000| Untracked 
|  46|0x0000000088000000, 0x0000000088000000, 0x0000000088100000|  0%| F|  |TAMS 0x0000000088000000| PB 0x0000000088000000| Untracked 
|  47|0x0000000088100000, 0x0000000088100000, 0x0000000088200000|  0%| F|  |TAMS 0x0000000088100000| PB 0x0000000088100000| Untracked 
|  48|0x0000000088200000, 0x0000000088200000, 0x0000000088300000|  0%| F|  |TAMS 0x0000000088200000| PB 0x0000000088200000| Untracked 
|  49|0x0000000088300000, 0x0000000088300000, 0x0000000088400000|  0%| F|  |TAMS 0x0000000088300000| PB 0x0000000088300000| Untracked 
|  50|0x0000000088400000, 0x0000000088400000, 0x0000000088500000|  0%| F|  |TAMS 0x0000000088400000| PB 0x0000000088400000| Untracked 
|  51|0x0000000088500000, 0x0000000088500000, 0x0000000088600000|  0%| F|  |TAMS 0x0000000088500000| PB 0x0000000088500000| Untracked 
|  52|0x0000000088600000, 0x0000000088600000, 0x0000000088700000|  0%| F|  |TAMS 0x0000000088600000| PB 0x0000000088600000| Untracked 
|  53|0x0000000088700000, 0x0000000088700000, 0x0000000088800000|  0%| F|  |TAMS 0x0000000088700000| PB 0x0000000088700000| Untracked 
|  54|0x0000000088800000, 0x0000000088800000, 0x0000000088900000|  0%| F|  |TAMS 0x0000000088800000| PB 0x0000000088800000| Untracked 
|  55|0x0000000088900000, 0x0000000088900000, 0x0000000088a00000|  0%| F|  |TAMS 0x0000000088900000| PB 0x0000000088900000| Untracked 
|  56|0x0000000088a00000, 0x0000000088a00000, 0x0000000088b00000|  0%| F|  |TAMS 0x0000000088a00000| PB 0x0000000088a00000| Untracked 
|  57|0x0000000088b00000, 0x0000000088b00000, 0x0000000088c00000|  0%| F|  |TAMS 0x0000000088b00000| PB 0x0000000088b00000| Untracked 
|  58|0x0000000088c00000, 0x0000000088c00000, 0x0000000088d00000|  0%| F|  |TAMS 0x0000000088c00000| PB 0x0000000088c00000| Untracked 
|  59|0x0000000088d00000, 0x0000000088d00000, 0x0000000088e00000|  0%| F|  |TAMS 0x0000000088d00000| PB 0x0000000088d00000| Untracked 
|  60|0x0000000088e00000, 0x0000000088e00000, 0x0000000088f00000|  0%| F|  |TAMS 0x0000000088e00000| PB 0x0000000088e00000| Untracked 
|  61|0x0000000088f00000, 0x0000000088f00000, 0x0000000089000000|  0%| F|  |TAMS 0x0000000088f00000| PB 0x0000000088f00000| Untracked 
|  62|0x0000000089000000, 0x0000000089000000, 0x0000000089100000|  0%| F|  |TAMS 0x0000000089000000| PB 0x0000000089000000| Untracked 
|  63|0x0000000089100000, 0x0000000089100000, 0x0000000089200000|  0%| F|  |TAMS 0x0000000089100000| PB 0x0000000089100000| Untracked 
|  64|0x0000000089200000, 0x0000000089200000, 0x0000000089300000|  0%| F|  |TAMS 0x0000000089200000| PB 0x0000000089200000| Untracked 
|  65|0x0000000089300000, 0x0000000089300000, 0x0000000089400000|  0%| F|  |TAMS 0x0000000089300000| PB 0x0000000089300000| Untracked 
|  66|0x0000000089400000, 0x0000000089400000, 0x0000000089500000|  0%| F|  |TAMS 0x0000000089400000| PB 0x0000000089400000| Untracked 
|  67|0x0000000089500000, 0x0000000089500000, 0x0000000089600000|  0%| F|  |TAMS 0x0000000089500000| PB 0x0000000089500000| Untracked 
|  68|0x0000000089600000, 0x0000000089600000, 0x0000000089700000|  0%| F|  |TAMS 0x0000000089600000| PB 0x0000000089600000| Untracked 
|  69|0x0000000089700000, 0x0000000089700000, 0x0000000089800000|  0%| F|  |TAMS 0x0000000089700000| PB 0x0000000089700000| Untracked 
|  70|0x0000000089800000, 0x0000000089800000, 0x0000000089900000|  0%| F|  |TAMS 0x0000000089800000| PB 0x0000000089800000| Untracked 
|  71|0x0000000089900000, 0x0000000089900000, 0x0000000089a00000|  0%| F|  |TAMS 0x0000000089900000| PB 0x0000000089900000| Untracked 
|  72|0x0000000089a00000, 0x0000000089a00000, 0x0000000089b00000|  0%| F|  |TAMS 0x0000000089a00000| PB 0x0000000089a00000| Untracked 
|  73|0x0000000089b00000, 0x0000000089b00000, 0x0000000089c00000|  0%| F|  |TAMS 0x0000000089b00000| PB 0x0000000089b00000| Untracked 
|  74|0x0000000089c00000, 0x0000000089c00000, 0x0000000089d00000|  0%| F|  |TAMS 0x0000000089c00000| PB 0x0000000089c00000| Untracked 
|  75|0x0000000089d00000, 0x0000000089d00000, 0x0000000089e00000|  0%| F|  |TAMS 0x0000000089d00000| PB 0x0000000089d00000| Untracked 
|  76|0x0000000089e00000, 0x0000000089e00000, 0x0000000089f00000|  0%| F|  |TAMS 0x0000000089e00000| PB 0x0000000089e00000| Untracked 
|  77|0x0000000089f00000, 0x0000000089f00000, 0x000000008a000000|  0%| F|  |TAMS 0x0000000089f00000| PB 0x0000000089f00000| Untracked 
|  78|0x000000008a000000, 0x000000008a000000, 0x000000008a100000|  0%| F|  |TAMS 0x000000008a000000| PB 0x000000008a000000| Untracked 
|  79|0x000000008a100000, 0x000000008a100000, 0x000000008a200000|  0%| F|  |TAMS 0x000000008a100000| PB 0x000000008a100000| Untracked 
|  80|0x000000008a200000, 0x000000008a200000, 0x000000008a300000|  0%| F|  |TAMS 0x000000008a200000| PB 0x000000008a200000| Untracked 
|  81|0x000000008a300000, 0x000000008a300000, 0x000000008a400000|  0%| F|  |TAMS 0x000000008a300000| PB 0x000000008a300000| Untracked 
|  82|0x000000008a400000, 0x000000008a400000, 0x000000008a500000|  0%| F|  |TAMS 0x000000008a400000| PB 0x000000008a400000| Untracked 
|  83|0x000000008a500000, 0x000000008a500000, 0x000000008a600000|  0%| F|  |TAMS 0x000000008a500000| PB 0x000000008a500000| Untracked 
|  84|0x000000008a600000, 0x000000008a600000, 0x000000008a700000|  0%| F|  |TAMS 0x000000008a600000| PB 0x000000008a600000| Untracked 
|  85|0x000000008a700000, 0x000000008a700000, 0x000000008a800000|  0%| F|  |TAMS 0x000000008a700000| PB 0x000000008a700000| Untracked 
|  86|0x000000008a800000, 0x000000008a800000, 0x000000008a900000|  0%| F|  |TAMS 0x000000008a800000| PB 0x000000008a800000| Untracked 
|  87|0x000000008a900000, 0x000000008a900000, 0x000000008aa00000|  0%| F|  |TAMS 0x000000008a900000| PB 0x000000008a900000| Untracked 
|  88|0x000000008aa00000, 0x000000008aa00000, 0x000000008ab00000|  0%| F|  |TAMS 0x000000008aa00000| PB 0x000000008aa00000| Untracked 
|  89|0x000000008ab00000, 0x000000008ab00000, 0x000000008ac00000|  0%| F|  |TAMS 0x000000008ab00000| PB 0x000000008ab00000| Untracked 
|  90|0x000000008ac00000, 0x000000008acc41b8, 0x000000008ad00000| 76%| E|  |TAMS 0x000000008ac00000| PB 0x000000008ac00000| Complete 
|  91|0x000000008ad00000, 0x000000008ae00000, 0x000000008ae00000|100%| E|CS|TAMS 0x000000008ad00000| PB 0x000000008ad00000| Complete 
|  92|0x000000008ae00000, 0x000000008af00000, 0x000000008af00000|100%| E|CS|TAMS 0x000000008ae00000| PB 0x000000008ae00000| Complete 
|  93|0x000000008af00000, 0x000000008b000000, 0x000000008b000000|100%| E|CS|TAMS 0x000000008af00000| PB 0x000000008af00000| Complete 
|  94|0x000000008b000000, 0x000000008b100000, 0x000000008b100000|100%| E|CS|TAMS 0x000000008b000000| PB 0x000000008b000000| Complete 
|  95|0x000000008b100000, 0x000000008b200000, 0x000000008b200000|100%| E|CS|TAMS 0x000000008b100000| PB 0x000000008b100000| Complete 
|  96|0x000000008b200000, 0x000000008b300000, 0x000000008b300000|100%| E|CS|TAMS 0x000000008b200000| PB 0x000000008b200000| Complete 
|  97|0x000000008b300000, 0x000000008b400000, 0x000000008b400000|100%| E|CS|TAMS 0x000000008b300000| PB 0x000000008b300000| Complete 
|  98|0x000000008b400000, 0x000000008b468000, 0x000000008b500000| 40%| S|CS|TAMS 0x000000008b400000| PB 0x000000008b400000| Complete 
|  99|0x000000008b500000, 0x000000008b600000, 0x000000008b600000|100%| S|CS|TAMS 0x000000008b500000| PB 0x000000008b500000| Complete 
| 100|0x000000008b600000, 0x000000008b700000, 0x000000008b700000|100%| S|CS|TAMS 0x000000008b600000| PB 0x000000008b600000| Complete 
| 101|0x000000008b700000, 0x000000008b800000, 0x000000008b800000|100%| E|CS|TAMS 0x000000008b700000| PB 0x000000008b700000| Complete 
| 102|0x000000008b800000, 0x000000008b900000, 0x000000008b900000|100%| E|CS|TAMS 0x000000008b800000| PB 0x000000008b800000| Complete 
| 103|0x000000008b900000, 0x000000008ba00000, 0x000000008ba00000|100%| E|CS|TAMS 0x000000008b900000| PB 0x000000008b900000| Complete 
| 104|0x000000008ba00000, 0x000000008bb00000, 0x000000008bb00000|100%| E|CS|TAMS 0x000000008ba00000| PB 0x000000008ba00000| Complete 
| 105|0x000000008bb00000, 0x000000008bc00000, 0x000000008bc00000|100%| E|CS|TAMS 0x000000008bb00000| PB 0x000000008bb00000| Complete 
| 106|0x000000008bc00000, 0x000000008bd00000, 0x000000008bd00000|100%| E|CS|TAMS 0x000000008bc00000| PB 0x000000008bc00000| Complete 
| 107|0x000000008bd00000, 0x000000008be00000, 0x000000008be00000|100%| E|CS|TAMS 0x000000008bd00000| PB 0x000000008bd00000| Complete 
| 108|0x000000008be00000, 0x000000008bf00000, 0x000000008bf00000|100%| E|CS|TAMS 0x000000008be00000| PB 0x000000008be00000| Complete 
| 109|0x000000008bf00000, 0x000000008c000000, 0x000000008c000000|100%| E|CS|TAMS 0x000000008bf00000| PB 0x000000008bf00000| Complete 
| 110|0x000000008c000000, 0x000000008c100000, 0x000000008c100000|100%| E|CS|TAMS 0x000000008c000000| PB 0x000000008c000000| Complete 
| 111|0x000000008c100000, 0x000000008c200000, 0x000000008c200000|100%| E|CS|TAMS 0x000000008c100000| PB 0x000000008c100000| Complete 
| 112|0x000000008c200000, 0x000000008c300000, 0x000000008c300000|100%| E|CS|TAMS 0x000000008c200000| PB 0x000000008c200000| Complete 
| 113|0x000000008c300000, 0x000000008c400000, 0x000000008c400000|100%| E|CS|TAMS 0x000000008c300000| PB 0x000000008c300000| Complete 
| 114|0x000000008c400000, 0x000000008c500000, 0x000000008c500000|100%| E|CS|TAMS 0x000000008c400000| PB 0x000000008c400000| Complete 
| 115|0x000000008c500000, 0x000000008c600000, 0x000000008c600000|100%| E|CS|TAMS 0x000000008c500000| PB 0x000000008c500000| Complete 
| 116|0x000000008c600000, 0x000000008c700000, 0x000000008c700000|100%| E|CS|TAMS 0x000000008c600000| PB 0x000000008c600000| Complete 
| 117|0x000000008c700000, 0x000000008c800000, 0x000000008c800000|100%| E|CS|TAMS 0x000000008c700000| PB 0x000000008c700000| Complete 
| 118|0x000000008c800000, 0x000000008c900000, 0x000000008c900000|100%| E|CS|TAMS 0x000000008c800000| PB 0x000000008c800000| Complete 
| 119|0x000000008c900000, 0x000000008ca00000, 0x000000008ca00000|100%| E|CS|TAMS 0x000000008c900000| PB 0x000000008c900000| Complete 
| 120|0x000000008ca00000, 0x000000008cb00000, 0x000000008cb00000|100%| E|CS|TAMS 0x000000008ca00000| PB 0x000000008ca00000| Complete 
| 121|0x000000008cb00000, 0x000000008cc00000, 0x000000008cc00000|100%| E|CS|TAMS 0x000000008cb00000| PB 0x000000008cb00000| Complete 
| 122|0x000000008cc00000, 0x000000008cd00000, 0x000000008cd00000|100%| E|CS|TAMS 0x000000008cc00000| PB 0x000000008cc00000| Complete 
| 123|0x000000008cd00000, 0x000000008ce00000, 0x000000008ce00000|100%| E|  |TAMS 0x000000008cd00000| PB 0x000000008cd00000| Complete 

Card table byte_map: [0x0000019e51f80000,0x0000019e52360000] _byte_map_base: 0x0000019e51b57000

Marking Bits: (CMBitMap*) 0x0000019e3e9b26e0
 Bits: [0x0000019e52360000, 0x0000019e54218000)

Polling page: 0x0000019e3d0e0000

Metaspace:

Usage:
  Non-class:     15.16 MB used.
      Class:      2.09 MB used.
       Both:     17.24 MB used.

Virtual space:
  Non-class space:       64.00 MB reserved,      15.25 MB ( 24%) committed,  1 nodes.
      Class space:        1.00 GB reserved,       2.25 MB ( <1%) committed,  1 nodes.
             Both:        1.06 GB reserved,      17.50 MB (  2%) committed. 

Chunk freelists:
   Non-Class:  496.00 KB
       Class:  13.66 MB
        Both:  14.14 MB

MaxMetaspaceSize: unlimited
CompressedClassSpaceSize: 1.00 GB
Initial GC threshold: 21.00 MB
Current GC threshold: 21.00 MB
CDS: off
 - commit_granule_bytes: 65536.
 - commit_granule_words: 8192.
 - virtual_space_node_default_size: 8388608.
 - enlarge_chunks_in_place: 1.
 - use_allocation_guard: 0.


Internal statistics:

num_allocs_failed_limit: 0.
num_arena_births: 240.
num_arena_deaths: 0.
num_vsnodes_births: 2.
num_vsnodes_deaths: 0.
num_space_committed: 280.
num_space_uncommitted: 0.
num_chunks_returned_to_freelist: 0.
num_chunks_taken_from_freelist: 526.
num_chunk_merges: 0.
num_chunk_splits: 342.
num_chunks_enlarged: 254.
num_inconsistent_stats: 0.

CodeHeap 'non-profiled nmethods': size=119168Kb used=689Kb max_used=689Kb free=118479Kb
 bounds [0x0000019e49770000, 0x0000019e499e0000, 0x0000019e50bd0000]
CodeHeap 'profiled nmethods': size=119104Kb used=3118Kb max_used=3118Kb free=115985Kb
 bounds [0x0000019e41bd0000, 0x0000019e41ee0000, 0x0000019e49020000]
CodeHeap 'non-nmethods': size=7488Kb used=1363Kb max_used=2514Kb free=6124Kb
 bounds [0x0000019e49020000, 0x0000019e492a0000, 0x0000019e49770000]
CodeCache: size=245760Kb, used=5170Kb, max_used=6321Kb, free=240588Kb
 total_blobs=2136, nmethods=1651, adapters=390, full_count=0
Compilation: enabled, stopped_count=0, restarted_count=0

Compilation events (20 events):
Event: 4.679 Thread 0x0000019e574a7b00 nmethod 1641 0x0000019e41ed8d10 code [0x0000019e41ed8ea0, 0x0000019e41ed8f90]
Event: 4.725 Thread 0x0000019e574a7b00 1642       1       org.gradle.internal.logging.events.CategorisedOutputEvent::getLogLevel (5 bytes)
Event: 4.725 Thread 0x0000019e574a7b00 nmethod 1642 0x0000019e4981ba10 code [0x0000019e4981bba0, 0x0000019e4981bc68]
Event: 4.804 Thread 0x0000019e574a7b00 1643   !   3       org.gradle.internal.serialize.kryo.KryoBackedDecoder::readSmallInt (16 bytes)
Event: 4.805 Thread 0x0000019e574a7b00 nmethod 1643 0x0000019e41ed9010 code [0x0000019e41ed9240, 0x0000019e41ed9880]
Event: 4.805 Thread 0x0000019e574a7b00 1644       3       com.esotericsoftware.kryo.io.Input::readInt (6 bytes)
Event: 4.805 Thread 0x0000019e574a7b00 nmethod 1644 0x0000019e41ed9b10 code [0x0000019e41ed9cc0, 0x0000019e41ed9e18]
Event: 4.805 Thread 0x0000019e574a7b00 1645       3       com.esotericsoftware.kryo.io.Input::readVarInt (192 bytes)
Event: 4.805 Thread 0x0000019e574a7b00 nmethod 1645 0x0000019e41ed9f10 code [0x0000019e41eda100, 0x0000019e41eda570]
Event: 4.833 Thread 0x0000019e574a7b00 1646       3       java.lang.Enum::compareTo (44 bytes)
Event: 4.834 Thread 0x0000019e574a7b00 nmethod 1646 0x0000019e41eda710 code [0x0000019e41eda900, 0x0000019e41edadc8]
Event: 5.422 Thread 0x0000019e574a7b00 1648       1       java.util.concurrent.atomic.AtomicLong::get (5 bytes)
Event: 5.423 Thread 0x0000019e574a7b00 nmethod 1648 0x0000019e4981c110 code [0x0000019e4981c2a0, 0x0000019e4981c370]
Event: 6.719 Thread 0x0000019e574a7b00 1649       3       java.util.concurrent.ThreadPoolExecutor::runStateAtLeast (11 bytes)
Event: 6.720 Thread 0x0000019e574a7b00 nmethod 1649 0x0000019e41edb010 code [0x0000019e41edb1a0, 0x0000019e41edb2e0]
Event: 8.529 Thread 0x0000019e574a7b00 1650       3       java.lang.Thread::isVirtual (5 bytes)
Event: 8.529 Thread 0x0000019e574a7b00 nmethod 1650 0x0000019e41edb390 code [0x0000019e41edb540, 0x0000019e41edb730]
Event: 9.518 Thread 0x0000019e574a7b00 1651       3       java.util.concurrent.locks.ReentrantLock$Sync::isHeldExclusively (16 bytes)
Event: 9.519 Thread 0x0000019e574a7b00 nmethod 1651 0x0000019e41edb790 code [0x0000019e41edb940, 0x0000019e41edbad0]
Event: 9.666 Thread 0x0000019e574a5c40 1652       4       java.util.HashMap::get (19 bytes)

GC Heap History (2 events):
Event: 0.997 GC heap before
{Heap before GC invocations=0 (full 0):
 garbage-first heap   total 126976K, used 22528K [0x0000000085200000, 0x0000000100000000)
  region size 1024K, 23 young (23552K), 0 survivors (0K)
 Metaspace       used 8724K, committed 8960K, reserved 1114112K
  class space    used 798K, committed 896K, reserved 1048576K
}
Event: 1.005 GC heap after
{Heap after GC invocations=1 (full 0):
 garbage-first heap   total 126976K, used 2464K [0x0000000085200000, 0x0000000100000000)
  region size 1024K, 3 young (3072K), 3 survivors (3072K)
 Metaspace       used 8724K, committed 8960K, reserved 1114112K
  class space    used 798K, committed 896K, reserved 1048576K
}

Dll operation events (3 events):
Event: 0.009 Loaded shared library C:\Program Files\Android\Android Studio1\jbr\bin\java.dll
Event: 0.017 Loaded shared library C:\Program Files\Android\Android Studio1\jbr\bin\zip.dll
Event: 0.177 Loaded shared library C:\Program Files\Android\Android Studio1\jbr\bin\verify.dll

Deoptimization events (20 events):
Event: 2.195 Thread 0x0000019e3cf35440 DEOPT PACKING pc=0x0000019e497a7200 sp=0x00000039589fb700
Event: 2.195 Thread 0x0000019e3cf35440 DEOPT UNPACKING pc=0x0000019e490746a2 sp=0x00000039589fb628 mode 2
Event: 2.204 Thread 0x0000019e3cf35440 DEOPT PACKING pc=0x0000019e41e9781a sp=0x00000039589fcb50
Event: 2.204 Thread 0x0000019e3cf35440 DEOPT UNPACKING pc=0x0000019e49074e42 sp=0x00000039589fc010 mode 0
Event: 2.208 Thread 0x0000019e3cf35440 Uncommon trap: trap_request=0xffffffde fr.pc=0x0000019e497af7a4 relative=0x0000000000000084
Event: 2.208 Thread 0x0000019e3cf35440 Uncommon trap: reason=class_check action=maybe_recompile pc=0x0000019e497af7a4 method=java.util.AbstractList$Itr.hasNext()Z @ 8 c2
Event: 2.209 Thread 0x0000019e3cf35440 DEOPT PACKING pc=0x0000019e497af7a4 sp=0x00000039589fd060
Event: 2.209 Thread 0x0000019e3cf35440 DEOPT UNPACKING pc=0x0000019e490746a2 sp=0x00000039589fcff8 mode 2
Event: 2.209 Thread 0x0000019e3cf35440 Uncommon trap: trap_request=0xffffffde fr.pc=0x0000019e497afb74 relative=0x00000000000000d4
Event: 2.209 Thread 0x0000019e3cf35440 Uncommon trap: reason=class_check action=maybe_recompile pc=0x0000019e497afb74 method=java.util.AbstractList$Itr.next()Ljava/lang/Object; @ 14 c2
Event: 2.209 Thread 0x0000019e3cf35440 DEOPT PACKING pc=0x0000019e497afb74 sp=0x00000039589fd050
Event: 2.209 Thread 0x0000019e3cf35440 DEOPT UNPACKING pc=0x0000019e490746a2 sp=0x00000039589fcfe8 mode 2
Event: 2.217 Thread 0x0000019e3cf35440 Uncommon trap: trap_request=0xffffff45 fr.pc=0x0000019e497ed588 relative=0x0000000000000608
Event: 2.217 Thread 0x0000019e3cf35440 Uncommon trap: reason=unstable_if action=reinterpret pc=0x0000019e497ed588 method=java.lang.Integer.getChars(II[B)I @ 25 c2
Event: 2.217 Thread 0x0000019e3cf35440 DEOPT PACKING pc=0x0000019e497ed588 sp=0x00000039589fdb70
Event: 2.217 Thread 0x0000019e3cf35440 DEOPT UNPACKING pc=0x0000019e490746a2 sp=0x00000039589fdab8 mode 2
Event: 2.239 Thread 0x0000019e3cf35440 Uncommon trap: trap_request=0xffffffde fr.pc=0x0000019e497af7a4 relative=0x0000000000000084
Event: 2.239 Thread 0x0000019e3cf35440 Uncommon trap: reason=class_check action=maybe_recompile pc=0x0000019e497af7a4 method=java.util.AbstractList$Itr.hasNext()Z @ 8 c2
Event: 2.239 Thread 0x0000019e3cf35440 DEOPT PACKING pc=0x0000019e497af7a4 sp=0x00000039589fe150
Event: 2.239 Thread 0x0000019e3cf35440 DEOPT UNPACKING pc=0x0000019e490746a2 sp=0x00000039589fe0e8 mode 2

Classes loaded (20 events):
Event: 2.223 Loading class sun/nio/ch/SelectionKeyImpl
Event: 2.223 Loading class java/nio/channels/spi/AbstractSelectionKey
Event: 2.223 Loading class java/nio/channels/SelectionKey
Event: 2.223 Loading class java/nio/channels/SelectionKey done
Event: 2.223 Loading class java/nio/channels/spi/AbstractSelectionKey done
Event: 2.223 Loading class sun/nio/ch/SelectionKeyImpl done
Event: 2.223 Loading class java/lang/invoke/ConstantBootstraps
Event: 2.223 Loading class java/lang/invoke/ConstantBootstraps done
Event: 2.229 Loading class java/lang/Long$LongCache
Event: 2.229 Loading class java/lang/Long$LongCache done
Event: 2.239 Loading class java/nio/channels/spi/AbstractSelector$1
Event: 2.239 Loading class java/nio/channels/spi/AbstractSelector$1 done
Event: 2.419 Loading class java/util/concurrent/Executors$AutoShutdownDelegatedExecutorService
Event: 2.419 Loading class java/util/concurrent/Executors$AutoShutdownDelegatedExecutorService done
Event: 2.419 Loading class java/io/BufferedReader
Event: 2.420 Loading class java/io/BufferedReader done
Event: 2.420 Loading class sun/nio/cs/StreamDecoder
Event: 2.420 Loading class sun/nio/cs/StreamDecoder done
Event: 2.420 Loading class sun/nio/cs/UTF_8$Decoder
Event: 2.420 Loading class sun/nio/cs/UTF_8$Decoder done

Classes unloaded (0 events):
No events

Classes redefined (0 events):
No events

Internal exceptions (17 events):
Event: 0.394 Thread 0x0000019e3cf35440 Exception <a 'java/lang/NoSuchMethodError'{0x000000008cadf258}: 'void java.lang.invoke.DirectMethodHandle$Holder.invokeSpecial(java.lang.Object, java.lang.Object, java.lang.Object)'> (0x000000008cadf258) 
thrown [s\src\hotspot\share\interpreter\linkResolver.cpp, line 784]
Event: 0.554 Thread 0x0000019e3cf35440 Exception <a 'java/lang/NoSuchMethodError'{0x000000008c830890}: 'int java.lang.invoke.DirectMethodHandle$Holder.invokeSpecial(java.lang.Object, java.lang.Object, java.lang.Object, java.lang.Object)'> (0x000000008c830890) 
thrown [s\src\hotspot\share\interpreter\linkResolver.cpp, line 784]
Event: 1.339 Thread 0x0000019e3cf35440 Exception <a 'java/lang/NoSuchMethodError'{0x000000008c53efb0}: 'java.lang.Object java.lang.invoke.DirectMethodHandle$Holder.invokeVirtual(java.lang.Object, java.lang.Object, java.lang.Object)'> (0x000000008c53efb0) 
thrown [s\src\hotspot\share\interpreter\linkResolver.cpp, line 784]
Event: 1.538 Thread 0x0000019e3cf35440 Exception <a 'java/lang/NoSuchMethodError'{0x000000008c00f678}: 'void java.lang.invoke.DirectMethodHandle$Holder.invokeInterface(java.lang.Object, java.lang.Object, java.lang.Object)'> (0x000000008c00f678) 
thrown [s\src\hotspot\share\interpreter\linkResolver.cpp, line 784]
Event: 1.550 Thread 0x0000019e3cf35440 Exception <a 'java/lang/NoClassDefFoundError'{0x000000008c062e20}: org/slf4j/impl/StaticMarkerBinder> (0x000000008c062e20) 
thrown [s\src\hotspot\share\classfile\systemDictionary.cpp, line 301]
Event: 1.694 Thread 0x0000019e3cf35440 Exception <a 'java/lang/NoSuchMethodError'{0x000000008bca12a8}: 'java.lang.Object java.lang.invoke.DirectMethodHandle$Holder.newInvokeSpecial(java.lang.Object, java.lang.Object, java.lang.Object, java.lang.Object, java.lang.Object)'> (0x000000008bca12a8) 
thrown [s\src\hotspot\share\interpreter\linkResolver.cpp, line 784]
Event: 1.704 Thread 0x0000019e3cf35440 Exception <a 'java/lang/NoSuchMethodError'{0x000000008bcefcc0}: 'java.lang.Object java.lang.invoke.Invokers$Holder.invokeExact_MT(java.lang.Object, java.lang.Object, java.lang.Object, java.lang.Object, java.lang.Object)'> (0x000000008bcefcc0) 
thrown [s\src\hotspot\share\interpreter\linkResolver.cpp, line 784]
Event: 1.709 Thread 0x0000019e3cf35440 Exception <a 'java/lang/NoSuchMethodError'{0x000000008bb1c698}: 'java.lang.Object java.lang.invoke.DirectMethodHandle$Holder.invokeVirtual(java.lang.Object, java.lang.Object, java.lang.Object, java.lang.Object, java.lang.Object, java.lang.Object, java.lang.Object)'> (0x000000008bb1c698) 
thrown [s\src\hotspot\share\interpreter\linkResolver.cpp, line 784]
Event: 1.717 Thread 0x0000019e3cf35440 Exception <a 'java/lang/NoSuchMethodError'{0x000000008bb5a718}: 'java.lang.Object java.lang.invoke.DirectMethodHandle$Holder.invokeVirtual(java.lang.Object, java.lang.Object, java.lang.Object, java.lang.Object)'> (0x000000008bb5a718) 
thrown [s\src\hotspot\share\interpreter\linkResolver.cpp, line 784]
Event: 1.815 Thread 0x0000019e3cf35440 Exception <a 'java/lang/NoSuchMethodError'{0x000000008b98c980}: 'java.lang.Object java.lang.invoke.DirectMethodHandle$Holder.invokeVirtual(java.lang.Object, java.lang.Object, java.lang.Object, java.lang.Object, java.lang.Object)'> (0x000000008b98c980) 
thrown [s\src\hotspot\share\interpreter\linkResolver.cpp, line 784]
Event: 1.818 Thread 0x0000019e3cf35440 Exception <a 'java/lang/NoSuchMethodError'{0x000000008b99fa80}: 'java.lang.Object java.lang.invoke.Invokers$Holder.invokeExact_MT(java.lang.Object, java.lang.Object, java.lang.Object, java.lang.Object, java.lang.Object, java.lang.Object)'> (0x000000008b99fa80) 
thrown [s\src\hotspot\share\interpreter\linkResolver.cpp, line 784]
Event: 1.942 Thread 0x0000019e3cf35440 Exception <a 'java/lang/NoSuchMethodError'{0x000000008b3304d0}: 'java.lang.Object java.lang.invoke.DirectMethodHandle$Holder.invokeVirtual(java.lang.Object, java.lang.Object, java.lang.Object, java.lang.Object, java.lang.Object, java.lang.Object)'> (0x000000008b3304d0) 
thrown [s\src\hotspot\share\interpreter\linkResolver.cpp, line 784]
Event: 1.966 Thread 0x0000019e3cf35440 Exception <a 'java/lang/NoSuchMethodError'{0x000000008b3c39f0}: 'java.lang.Object java.lang.invoke.DirectMethodHandle$Holder.invokeSpecialIFC(java.lang.Object, java.lang.Object, java.lang.Object, java.lang.Object)'> (0x000000008b3c39f0) 
thrown [s\src\hotspot\share\interpreter\linkResolver.cpp, line 784]
Event: 1.967 Thread 0x0000019e3cf35440 Exception <a 'java/lang/NoSuchMethodError'{0x000000008b3cd360}: 'java.lang.Object java.lang.invoke.DirectMethodHandle$Holder.invokeVirtual(java.lang.Object, java.lang.Object, java.lang.Object, java.lang.Object, java.lang.Object, java.lang.Object, java.lang.Object, java.lang.Object)'> (0x000000008b3cd360) 
thrown [s\src\hotspot\share\interpreter\linkResolver.cpp, line 784]
Event: 1.976 Thread 0x0000019e3cf35440 Exception <a 'java/lang/NoSuchMethodError'{0x000000008b235198}: 'java.lang.Object java.lang.invoke.DirectMethodHandle$Holder.invokeVirtual(java.lang.Object, java.lang.Object, java.lang.Object, java.lang.Object, java.lang.Object, java.lang.Object, java.lang.Object, java.lang.Object, java.lang.Object)'> (0x000000008b235198) 
thrown [s\src\hotspot\share\interpreter\linkResolver.cpp, line 784]
Event: 2.111 Thread 0x0000019e3cf35440 Exception <a 'java/lang/NoSuchMethodError'{0x000000008af0d170}: 'java.lang.Object java.lang.invoke.DirectMethodHandle$Holder.invokeStaticInit(java.lang.Object, java.lang.Object, int, int, int, int)'> (0x000000008af0d170) 
thrown [s\src\hotspot\share\interpreter\linkResolver.cpp, line 784]
Event: 2.157 Thread 0x0000019e3cf35440 Implicit null exception at 0x0000019e497c18a4 to 0x0000019e497c1f08

ZGC Phase Switch (0 events):
No events

VM Operations (20 events):
Event: 0.166 Executing VM operation: HandshakeAllThreads (Deoptimize)
Event: 0.166 Executing VM operation: HandshakeAllThreads (Deoptimize) done
Event: 0.996 Executing VM operation: G1CollectForAllocation (G1 Evacuation Pause)
Event: 1.005 Executing VM operation: G1CollectForAllocation (G1 Evacuation Pause) done
Event: 1.525 Executing VM operation: HandshakeAllThreads (Deoptimize)
Event: 1.525 Executing VM operation: HandshakeAllThreads (Deoptimize) done
Event: 1.566 Executing VM operation: HandshakeAllThreads (Deoptimize)
Event: 1.566 Executing VM operation: HandshakeAllThreads (Deoptimize) done
Event: 1.658 Executing VM operation: HandshakeAllThreads (Deoptimize)
Event: 1.658 Executing VM operation: HandshakeAllThreads (Deoptimize) done
Event: 1.706 Executing VM operation: HandshakeAllThreads (Deoptimize)
Event: 1.707 Executing VM operation: HandshakeAllThreads (Deoptimize) done
Event: 2.049 Executing VM operation: HandshakeAllThreads (Deoptimize)
Event: 2.049 Executing VM operation: HandshakeAllThreads (Deoptimize) done
Event: 2.049 Executing VM operation: Cleanup
Event: 2.049 Executing VM operation: Cleanup done
Event: 2.192 Executing VM operation: HandshakeAllThreads (Deoptimize)
Event: 2.193 Executing VM operation: HandshakeAllThreads (Deoptimize) done
Event: 3.206 Executing VM operation: Cleanup
Event: 3.206 Executing VM operation: Cleanup done

Memory protections (0 events):
No events

Nmethod flushes (0 events):
No events

Events (20 events):
Event: 0.077 Thread 0x0000019e3cf35440 Thread added: 0x0000019e574a5c40
Event: 0.077 Thread 0x0000019e3cf35440 Thread added: 0x0000019e574a7b00
Event: 0.105 Thread 0x0000019e574a7b00 Thread added: 0x0000019e57601820
Event: 0.106 Thread 0x0000019e57601820 Thread added: 0x0000019e57639960
Event: 0.108 Thread 0x0000019e3cf35440 Thread added: 0x0000019e576ac6c0
Event: 0.138 Loaded shared library C:\Program Files\Android\Android Studio1\jbr\bin\net.dll
Event: 0.143 Loaded shared library C:\Program Files\Android\Android Studio1\jbr\bin\nio.dll
Event: 0.158 Loaded shared library C:\Program Files\Android\Android Studio1\jbr\bin\zip.dll
Event: 0.260 Loaded shared library C:\Program Files\Android\Android Studio1\jbr\bin\jimage.dll
Event: 0.861 Thread 0x0000019e57639960 Thread added: 0x0000019e579dd650
Event: 1.493 Loaded shared library C:\Program Files\Android\Android Studio1\jbr\bin\management.dll
Event: 1.501 Loaded shared library C:\Program Files\Android\Android Studio1\jbr\bin\management_ext.dll
Event: 1.590 Loaded shared library C:\Users\CHANDRASEKHAR\.gradle\native\1def1411415f61bf3af743bc5b6707747c0891f09f0c88961ee8f79bc544acac\windows-amd64\native-platform.dll
Event: 1.617 Thread 0x0000019e3cf35440 Thread added: 0x0000019e5c489ab0
Event: 2.138 Loaded shared library C:\Program Files\Android\Android Studio1\jbr\bin\extnet.dll
Event: 2.151 Thread 0x0000019e579dd650 Thread exited: 0x0000019e579dd650
Event: 2.205 Thread 0x0000019e574a7b00 Thread added: 0x0000019e5c730bd0
Event: 3.621 Thread 0x0000019e5c730bd0 Thread exited: 0x0000019e5c730bd0
Event: 3.621 Thread 0x0000019e57601820 Thread exited: 0x0000019e57601820
Event: 3.621 Thread 0x0000019e57639960 Thread exited: 0x0000019e57639960


Dynamic libraries:
0x00007ff70be50000 - 0x00007ff70be5a000 	C:\Program Files\Android\Android Studio1\jbr\bin\java.exe
0x00007ff9602a0000 - 0x00007ff960508000 	C:\WINDOWS\SYSTEM32\ntdll.dll
0x00007ff95ee90000 - 0x00007ff95ef59000 	C:\WINDOWS\System32\KERNEL32.DLL
0x00007ff95db80000 - 0x00007ff95df78000 	C:\WINDOWS\System32\KERNELBASE.dll
0x00007ff95da30000 - 0x00007ff95db7b000 	C:\WINDOWS\System32\ucrtbase.dll
0x00007ff8e6260000 - 0x00007ff8e627b000 	C:\Program Files\Android\Android Studio1\jbr\bin\VCRUNTIME140.dll
0x00007ff8dfed0000 - 0x00007ff8dfee8000 	C:\Program Files\Android\Android Studio1\jbr\bin\jli.dll
0x00007ff95e040000 - 0x00007ff95e207000 	C:\WINDOWS\System32\USER32.dll
0x00007ff95d680000 - 0x00007ff95d6a7000 	C:\WINDOWS\System32\win32u.dll
0x00007ff95f040000 - 0x00007ff95f06b000 	C:\WINDOWS\System32\GDI32.dll
0x00007ff95d550000 - 0x00007ff95d67c000 	C:\WINDOWS\System32\gdi32full.dll
0x00007ff937090000 - 0x00007ff937324000 	C:\WINDOWS\WinSxS\amd64_microsoft.windows.common-controls_6595b64144ccf1df_6.0.26100.7019_none_3e06ffa0e335b8a8\COMCTL32.dll
0x00007ff95d4a0000 - 0x00007ff95d543000 	C:\WINDOWS\System32\msvcp_win.dll
0x00007ff95e3f0000 - 0x00007ff95e499000 	C:\WINDOWS\System32\msvcrt.dll
0x00007ff95fa50000 - 0x00007ff95fa81000 	C:\WINDOWS\System32\IMM32.DLL
0x00007ff938ad0000 - 0x00007ff938adc000 	C:\Program Files\Android\Android Studio1\jbr\bin\vcruntime140_1.dll
0x00007ff8d37e0000 - 0x00007ff8d386d000 	C:\Program Files\Android\Android Studio1\jbr\bin\msvcp140.dll
0x00007ff86e5d0000 - 0x00007ff86f266000 	C:\Program Files\Android\Android Studio1\jbr\bin\server\jvm.dll
0x00007ff9601a0000 - 0x00007ff960254000 	C:\WINDOWS\System32\ADVAPI32.dll
0x00007ff95ef60000 - 0x00007ff95f006000 	C:\WINDOWS\System32\sechost.dll
0x00007ff95e560000 - 0x00007ff95e678000 	C:\WINDOWS\System32\RPCRT4.dll
0x00007ff95faa0000 - 0x00007ff95fb14000 	C:\WINDOWS\System32\WS2_32.dll
0x00007ff95d250000 - 0x00007ff95d2ae000 	C:\WINDOWS\SYSTEM32\POWRPROF.dll
0x00007ff955420000 - 0x00007ff955455000 	C:\WINDOWS\SYSTEM32\WINMM.dll
0x00007ff9480c0000 - 0x00007ff9480cb000 	C:\WINDOWS\SYSTEM32\VERSION.dll
0x00007ff95d230000 - 0x00007ff95d244000 	C:\WINDOWS\SYSTEM32\UMPDC.dll
0x00007ff95c1b0000 - 0x00007ff95c1cb000 	C:\WINDOWS\SYSTEM32\kernel.appcore.dll
0x00007ff930620000 - 0x00007ff93062a000 	C:\Program Files\Android\Android Studio1\jbr\bin\jimage.dll
0x00007ff95ab20000 - 0x00007ff95ad62000 	C:\WINDOWS\SYSTEM32\DBGHELP.DLL
0x00007ff95e7d0000 - 0x00007ff95eb5b000 	C:\WINDOWS\System32\combase.dll
0x00007ff95f7d0000 - 0x00007ff95f8a7000 	C:\WINDOWS\System32\OLEAUT32.dll
0x00007ff936ee0000 - 0x00007ff936f1c000 	C:\WINDOWS\SYSTEM32\dbgcore.DLL
0x00007ff95d3f0000 - 0x00007ff95d495000 	C:\WINDOWS\System32\bcryptPrimitives.dll
0x00007ff8dfeb0000 - 0x00007ff8dfed0000 	C:\Program Files\Android\Android Studio1\jbr\bin\java.dll
0x00007ff8dfe10000 - 0x00007ff8dfe28000 	C:\Program Files\Android\Android Studio1\jbr\bin\zip.dll
0x00007ff95f070000 - 0x00007ff95f7c1000 	C:\WINDOWS\System32\SHELL32.dll
0x00007ff95d8c0000 - 0x00007ff95da2b000 	C:\WINDOWS\System32\wintypes.dll
0x00007ff95aff0000 - 0x00007ff95b84d000 	C:\WINDOWS\SYSTEM32\windows.storage.dll
0x00007ff95fb80000 - 0x00007ff95fc72000 	C:\WINDOWS\System32\SHCORE.dll
0x00007ff95e680000 - 0x00007ff95e6e7000 	C:\WINDOWS\System32\shlwapi.dll
0x00007ff95d310000 - 0x00007ff95d339000 	C:\WINDOWS\SYSTEM32\profapi.dll
0x00007ff920a40000 - 0x00007ff920a50000 	C:\Program Files\Android\Android Studio1\jbr\bin\net.dll
0x00007ff950880000 - 0x00007ff9509a8000 	C:\WINDOWS\SYSTEM32\WINHTTP.dll
0x00007ff95c720000 - 0x00007ff95c78b000 	C:\WINDOWS\system32\mswsock.dll
0x00007ff8dfdf0000 - 0x00007ff8dfe06000 	C:\Program Files\Android\Android Studio1\jbr\bin\nio.dll
0x00007ff9209d0000 - 0x00007ff9209e0000 	C:\Program Files\Android\Android Studio1\jbr\bin\verify.dll
0x00007ff91a960000 - 0x00007ff91a969000 	C:\Program Files\Android\Android Studio1\jbr\bin\management.dll
0x00007ff918cb0000 - 0x00007ff918cbb000 	C:\Program Files\Android\Android Studio1\jbr\bin\management_ext.dll
0x00007ff95e770000 - 0x00007ff95e778000 	C:\WINDOWS\System32\PSAPI.DLL
0x00007ff8de4d0000 - 0x00007ff8de4f7000 	C:\Users\CHANDRASEKHAR\.gradle\native\1def1411415f61bf3af743bc5b6707747c0891f09f0c88961ee8f79bc544acac\windows-amd64\native-platform.dll
0x00007ff95c9e0000 - 0x00007ff95c9fb000 	C:\WINDOWS\SYSTEM32\CRYPTSP.dll
0x00007ff95c110000 - 0x00007ff95c14a000 	C:\WINDOWS\system32\rsaenh.dll
0x00007ff95c7d0000 - 0x00007ff95c7fb000 	C:\WINDOWS\SYSTEM32\USERENV.dll
0x00007ff95d2e0000 - 0x00007ff95d30a000 	C:\WINDOWS\SYSTEM32\bcrypt.dll
0x00007ff95ca00000 - 0x00007ff95ca0c000 	C:\WINDOWS\SYSTEM32\CRYPTBASE.dll
0x00007ff95bcf0000 - 0x00007ff95bd24000 	C:\WINDOWS\SYSTEM32\IPHLPAPI.DLL
0x00007ff960190000 - 0x00007ff96019a000 	C:\WINDOWS\System32\NSI.dll
0x00007ff918060000 - 0x00007ff918069000 	C:\Program Files\Android\Android Studio1\jbr\bin\extnet.dll
0x00007ff9458c0000 - 0x00007ff9458c8000 	C:\WINDOWS\system32\wshunix.dll

JVMTI agents: none

dbghelp: loaded successfully - version: 4.0.5 - missing functions: none
symbol engine: initialized successfully - sym options: 0x614 - pdb path: .;C:\Program Files\Android\Android Studio1\jbr\bin;C:\WINDOWS\SYSTEM32;C:\WINDOWS\WinSxS\amd64_microsoft.windows.common-controls_6595b64144ccf1df_6.0.26100.7019_none_3e06ffa0e335b8a8;C:\Program Files\Android\Android Studio1\jbr\bin\server;C:\Users\CHANDRASEKHAR\.gradle\native\1def1411415f61bf3af743bc5b6707747c0891f09f0c88961ee8f79bc544acac\windows-amd64

VM Arguments:
jvm_args: -Dorg.gradle.appname=gradlew 
java_command: org.gradle.wrapper.GradleWrapperMain -q -Ptarget-platform=android-x64 -Ptarget=D:\Flutter_projects\projects\lib\main.dart -Pbase-application-name=android.app.Application -Pdart-defines=RkxVVFRFUl9WRVJTSU9OPTMuMzUuNw==,RkxVVFRFUl9DSEFOTkVMPXN0YWJsZQ==,RkxVVFRFUl9HSVRfVVJMPWh0dHBzOi8vZ2l0aHViLmNvbS9mbHV0dGVyL2ZsdXR0ZXIuZ2l0,RkxVVFRFUl9GUkFNRVdPUktfUkVWSVNJT049YWRjOTAxMDYyNQ==,RkxVVFRFUl9FTkdJTkVfUkVWSVNJT049MDM1MzE2NTY1YQ==,RkxVVFRFUl9EQVJUX1ZFUlNJT049My45LjI= -Pdart-obfuscation=false -Ptrack-widget-creation=true -Ptree-shake-icons=false -Pfilesystem-scheme=org-dartlang-root assembleDebug
java_class_path (initial): D:\Flutter_projects\projects\android\\gradle\wrapper\gradle-wrapper.jar
Launcher Type: SUN_STANDARD

[Global flags]
     intx CICompilerCount                          = 12                                        {product} {ergonomic}
     uint ConcGCThreads                            = 3                                         {product} {ergonomic}
     uint G1ConcRefinementThreads                  = 13                                        {product} {ergonomic}
   size_t G1HeapRegionSize                         = 1048576                                   {product} {ergonomic}
    uintx GCDrainStackTargetSize                   = 64                                        {product} {ergonomic}
   size_t InitialHeapSize                          = 130023424                                 {product} {ergonomic}
   size_t MarkStackSize                            = 4194304                                   {product} {ergonomic}
   size_t MaxHeapSize                              = 2061500416                                {product} {ergonomic}
   size_t MaxNewSize                               = 1236271104                                {product} {ergonomic}
   size_t MinHeapDeltaBytes                        = 1048576                                   {product} {ergonomic}
   size_t MinHeapSize                              = 8388608                                   {product} {ergonomic}
    uintx NonNMethodCodeHeapSize                   = 7602480                                {pd product} {ergonomic}
    uintx NonProfiledCodeHeapSize                  = 122027880                              {pd product} {ergonomic}
    uintx ProfiledCodeHeapSize                     = 122027880                              {pd product} {ergonomic}
    uintx ReservedCodeCacheSize                    = 251658240                              {pd product} {ergonomic}
     bool SegmentedCodeCache                       = true                                      {product} {ergonomic}
   size_t SoftMaxHeapSize                          = 2061500416                             {manageable} {ergonomic}
     bool UseCompressedOops                        = true                           {product lp64_product} {ergonomic}
     bool UseG1GC                                  = true                                      {product} {ergonomic}
     bool UseLargePagesIndividualAllocation        = false                                  {pd product} {ergonomic}

Logging:
Log output configuration:
 #0: stdout all=warning uptime,level,tags foldmultilines=false
 #1: stderr all=off uptime,level,tags foldmultilines=false

Environment Variables:
JAVA_HOME=C:\Program Files\Android\Android Studio1\jbr
CLASSPATH=D:\Flutter_projects\projects\android\\gradle\wrapper\gradle-wrapper.jar
PATH=C:\Program Files\Android\Android Studio1\jbr\bin;C:\WINDOWS\system32;C:\WINDOWS;C:\WINDOWS\System32\Wbem;C:\WINDOWS\System32\WindowsPowerShell\v1.0\;C:\WINDOWS\System32\OpenSSH\;C:\Program Files\Microsoft SQL Server\150\Tools\Binn\;C:\Program Files\Microsoft SQL Server\Client SDK\ODBC\170\Tools\Binn\;C:\Program Files (x86)\Microsoft SQL Server\160\Tools\Binn\;C:\Program Files\Microsoft SQL Server\160\Tools\Binn\;C:\Program Files\Microsoft SQL Server\160\DTS\Binn\;C:\Program Files (x86)\Microsoft SQL Server\160\DTS\Binn\;C:\Program Files\Microsoft SQL Server\130\Tools\Binn\;C:\Program Files\Git\cmd;C:\Program Files\Microsoft\Web Platform Installer\;C:\Program Files (x86)\Microsoft ASP.NET\ASP.NET Web Pages\v1.0\;C:\Program Files\Microsoft SQL Server\110\Tools\Binn\;C:\ProgramData\chocolatey\bin;C:\Program Files\nodejs\;C:\Program Files\dotnet\;C:\Program Files (x86)\Windows Kits\10\Windows Performance Toolkit\;C:\Users\CHANDRASEKHAR\AppData\Local\Microsoft\WindowsApps;C:\Program Files\Azure Data Studio\bin;C:\Users\CHANDRASEKHAR\AppData\Roaming\npm;C:\flutter\src\flutter\bin;C:\Users\CHANDRASEKHAR\.dotnet\tools;C:\Users\CHANDRASEKHAR\AppData\Local\Programs\Microsoft VS Code\bin;C:\flutter\src\flutter\bin\mingit\cmd;C:\flutter\src\flutter\bin\mingit\cmd
USERNAME=CHANDRASEKHAR
OS=Windows_NT
PROCESSOR_IDENTIFIER=Intel64 Family 6 Model 154 Stepping 3, GenuineIntel
TMP=C:\Users\CHANDR~1\AppData\Local\Temp
TEMP=C:\Users\CHANDR~1\AppData\Local\Temp




Periodic native trim disabled

JNI global refs:
JNI global refs: 27, weak refs: 0

JNI global refs memory usage: 835, weak refs: 833

Process memory usage:
Resident Set Size: 101940K (1% of 8051920K total physical memory with 243016K free physical memory)

OOME stack traces (most recent first):
Classloader memory used:
